  [1m[35m (231.0ms)[0m  [1m[35mCREATE DATABASE "routes_development" ENCODING = 'unicode'[0m
  ↳ bin/rails:9
  [1m[35m (82.7ms)[0m  [1m[35mCREATE DATABASE "routes_test" ENCODING = 'unicode'[0m
  ↳ bin/rails:9
  [1m[35m (6.0ms)[0m  [1m[35mCREATE DATABASE "routes_development" ENCODING = 'unicode'[0m
  ↳ bin/rails:9
  [1m[35m (3.9ms)[0m  [1m[35mCREATE DATABASE "routes_test" ENCODING = 'unicode'[0m
  ↳ bin/rails:9
Started GET "/" for ::1 at 2021-02-03 14:29:32 -0500
Processing by Rails::WelcomeController#index as HTML
  Rendering /Users/johncheung/.rbenv/versions/2.5.1/lib/ruby/gems/2.5.0/gems/railties-5.2.4.4/lib/rails/templates/rails/welcome/index.html.erb
  Rendered /Users/johncheung/.rbenv/versions/2.5.1/lib/ruby/gems/2.5.0/gems/railties-5.2.4.4/lib/rails/templates/rails/welcome/index.html.erb (3.4ms)
Completed 200 OK in 21ms (Views: 11.5ms | ActiveRecord: 0.0ms)


Started GET "/" for ::1 at 2021-02-03 14:39:18 -0500
Processing by Rails::WelcomeController#index as */*
  Rendering /Users/johncheung/.rbenv/versions/2.5.1/lib/ruby/gems/2.5.0/gems/railties-5.2.4.4/lib/rails/templates/rails/welcome/index.html.erb
  Rendered /Users/johncheung/.rbenv/versions/2.5.1/lib/ruby/gems/2.5.0/gems/railties-5.2.4.4/lib/rails/templates/rails/welcome/index.html.erb (7.1ms)
Completed 200 OK in 155ms (Views: 62.2ms | ActiveRecord: 0.0ms)


Started GET "/" for ::1 at 2021-02-03 14:39:54 -0500
Processing by Rails::WelcomeController#index as */*
  Rendering /Users/johncheung/.rbenv/versions/2.5.1/lib/ruby/gems/2.5.0/gems/railties-5.2.4.4/lib/rails/templates/rails/welcome/index.html.erb
  Rendered /Users/johncheung/.rbenv/versions/2.5.1/lib/ruby/gems/2.5.0/gems/railties-5.2.4.4/lib/rails/templates/rails/welcome/index.html.erb (2.9ms)
Completed 200 OK in 118ms (Views: 56.6ms | ActiveRecord: 0.0ms)


Started GET "/" for ::1 at 2021-02-03 14:41:08 -0500
Processing by Rails::WelcomeController#index as */*
  Rendering /Users/johncheung/.rbenv/versions/2.5.1/lib/ruby/gems/2.5.0/gems/railties-5.2.4.4/lib/rails/templates/rails/welcome/index.html.erb
  Rendered /Users/johncheung/.rbenv/versions/2.5.1/lib/ruby/gems/2.5.0/gems/railties-5.2.4.4/lib/rails/templates/rails/welcome/index.html.erb (5.2ms)
Completed 200 OK in 136ms (Views: 61.7ms | ActiveRecord: 0.0ms)


Started GET "/" for ::1 at 2021-02-03 14:42:06 -0500
Processing by Rails::WelcomeController#index as */*
  Rendering /Users/johncheung/.rbenv/versions/2.5.1/lib/ruby/gems/2.5.0/gems/railties-5.2.4.4/lib/rails/templates/rails/welcome/index.html.erb
  Rendered /Users/johncheung/.rbenv/versions/2.5.1/lib/ruby/gems/2.5.0/gems/railties-5.2.4.4/lib/rails/templates/rails/welcome/index.html.erb (2.8ms)
Completed 200 OK in 127ms (Views: 58.2ms | ActiveRecord: 0.0ms)


Started GET "/users" for ::1 at 2021-02-03 14:45:53 -0500
Processing by UsersController#index as */*
No template found for UsersController#index, rendering head :no_content
Completed 204 No Content in 184ms (ActiveRecord: 0.0ms)


Started GET "/users" for ::1 at 2021-02-03 14:49:32 -0500
Processing by UsersController#index as */*
No template found for UsersController#index, rendering head :no_content
Completed 204 No Content in 227ms (ActiveRecord: 0.0ms)


Started GET "/users" for ::1 at 2021-02-03 14:50:57 -0500
Processing by UsersController#index as */*
  Rendering text template
  Rendered text template (0.0ms)
Completed 200 OK in 3ms (Views: 3.0ms | ActiveRecord: 0.0ms)


Started GET "/users?favorite_food=pizza&favorite_drink=coke" for ::1 at 2021-02-03 14:52:50 -0500
Processing by UsersController#index as */*
  Parameters: {"favorite_food"=>"pizza", "favorite_drink"=>"coke"}
  Rendering text template
  Rendered text template (0.0ms)
Completed 200 OK in 1ms (Views: 0.6ms | ActiveRecord: 0.0ms)


Started POST "/users?favorite_food=pizza&favorite_drink=coke" for ::1 at 2021-02-03 14:56:55 -0500

AbstractController::ActionNotFound - The action 'create' could not be found for UsersController:

Started POST "/users?favorite_food=pizza&favorite_drink=coke" for ::1 at 2021-02-03 14:57:16 -0500
Processing by UsersController#create as */*
  Parameters: {"favorite_food "=>"rice", "favorite_drink"=>"coke", "favorite_food"=>"pizza"}
No template found for UsersController#create, rendering head :no_content
Completed 204 No Content in 227ms (ActiveRecord: 0.0ms)


Started POST "/users" for ::1 at 2021-02-03 14:57:51 -0500
Processing by UsersController#create as */*
  Parameters: {"favorite_food "=>"rice", "favorite_drink"=>"water "}
No template found for UsersController#create, rendering head :no_content
Completed 204 No Content in 199ms (ActiveRecord: 0.0ms)


Started POST "/users" for ::1 at 2021-02-03 14:58:41 -0500
Processing by UsersController#create as */*
  Parameters: {"favorite_food "=>"rice", "favorite_drink"=>"water "}
Completed 200 OK in 3ms (Views: 1.8ms | ActiveRecord: 0.0ms)


Started POST "/users?favorite_food=Pizza&favorite_drink=coke" for ::1 at 2021-02-03 14:59:06 -0500
Processing by UsersController#create as */*
  Parameters: {"favorite_food "=>"rice", "favorite_drink"=>"coke", "favorite_food"=>"Pizza"}
Completed 200 OK in 1ms (Views: 0.2ms | ActiveRecord: 0.0ms)


Started POST "/users?favorite_food=Pizza&favorite_place=yamoms" for ::1 at 2021-02-03 14:59:21 -0500
Processing by UsersController#create as */*
  Parameters: {"favorite_food "=>"rice", "favorite_drink"=>"water ", "favorite_food"=>"Pizza", "favorite_place"=>"yamoms"}
Completed 200 OK in 1ms (Views: 1.0ms | ActiveRecord: 0.0ms)


Started POST "/users?favorite_food=Pizza&favorite_place=yamoms&favorite_food=eggs" for ::1 at 2021-02-03 14:59:41 -0500
Processing by UsersController#create as */*
  Parameters: {"favorite_food "=>"rice", "favorite_drink"=>"water ", "favorite_food"=>"eggs", "favorite_place"=>"yamoms"}
Completed 200 OK in 1ms (Views: 0.8ms | ActiveRecord: 0.0ms)


Started POST "/users?favorite_food=Pizza&favorite_drink=coke" for ::1 at 2021-02-03 15:00:17 -0500
Processing by UsersController#create as */*
  Parameters: {"favorite_food "=>"rice", "favorite_drink"=>"coke", "favorite_food"=>"Pizza"}
Completed 200 OK in 1ms (Views: 1.0ms | ActiveRecord: 0.0ms)


Started POST "/users?favorite_food=Pizza&favorite_drink=water" for ::1 at 2021-02-03 15:00:51 -0500
Processing by UsersController#create as */*
  Parameters: {"favorite_food "=>"rice", "favorite_drink"=>"water", "favorite_food"=>"Pizza"}
Completed 200 OK in 0ms (Views: 0.2ms | ActiveRecord: 0.0ms)


Started GET "/users" for ::1 at 2021-02-03 15:03:46 -0500
Processing by UsersController#index as */*
  Parameters: {"favorite_food "=>"rice", "favorite_drink"=>"coke"}
  Rendering text template
  Rendered text template (0.3ms)
Completed 200 OK in 24ms (Views: 11.4ms | ActiveRecord: 0.0ms)


Started GET "/users" for ::1 at 2021-02-03 15:04:04 -0500
Processing by UsersController#index as */*
  Parameters: {"favorite_food "=>"rice", "favorite_drink"=>"coke"}
  Rendering text template
  Rendered text template (0.0ms)
Completed 200 OK in 1ms (Views: 0.3ms | ActiveRecord: 0.0ms)


Started GET "/users" for ::1 at 2021-02-03 15:04:21 -0500
Processing by UsersController#index as */*
  Parameters: {"favorite_food "=>"rice", "favorite_drink"=>"coke"}
  Rendering text template
  Rendered text template (0.0ms)
Completed 200 OK in 3ms (Views: 0.4ms | ActiveRecord: 0.0ms)


Started GET "/users" for ::1 at 2021-02-03 15:04:59 -0500
Processing by UsersController#index as */*
  Rendering text template
  Rendered text template (0.0ms)
Completed 200 OK in 2ms (Views: 0.4ms | ActiveRecord: 0.0ms)


Started GET "/users/1" for ::1 at 2021-02-03 15:05:24 -0500

AbstractController::ActionNotFound - The action 'show' could not be found for UsersController:

Started GET "/users/1" for ::1 at 2021-02-03 15:05:49 -0500
Processing by UsersController#show as */*
  Parameters: {"id"=>"1"}
Completed 200 OK in 1ms (Views: 0.3ms | ActiveRecord: 0.0ms)


Started GET "/users/" for ::1 at 2021-02-03 15:05:52 -0500
Processing by UsersController#index as */*
  Rendering text template
  Rendered text template (0.0ms)
Completed 200 OK in 2ms (Views: 1.3ms | ActiveRecord: 0.0ms)


Started GET "/users/2" for ::1 at 2021-02-03 15:05:54 -0500
Processing by UsersController#show as */*
  Parameters: {"id"=>"2"}
Completed 200 OK in 1ms (Views: 0.3ms | ActiveRecord: 0.0ms)


Started GET "/users/" for ::1 at 2021-02-03 15:06:59 -0500
Processing by UsersController#index as */*
  Rendering text template
  Rendered text template (0.0ms)
Completed 200 OK in 1ms (Views: 0.6ms | ActiveRecord: 0.0ms)


Started GET "/users/" for ::1 at 2021-02-03 15:07:13 -0500
Processing by UsersController#index as */*
  Rendering text template
  Rendered text template (0.0ms)
Completed 200 OK in 1ms (Views: 0.6ms | ActiveRecord: 0.0ms)


Started POST "/users/" for ::1 at 2021-02-03 15:07:22 -0500
Processing by UsersController#create as */*
Completed 200 OK in 0ms (Views: 0.2ms | ActiveRecord: 0.0ms)


Started GET "/users?some_category[a_key]=another+value&some_category[a_second_key]=yet+another+value" for ::1 at 2021-02-03 15:09:09 -0500
Processing by UsersController#index as */*
  Parameters: {"some_category"=>{"a_key"=>"another value", "a_second_key"=>"yet another value"}, "something_else"=>"aaaaaaah"}
  Rendering text template
  Rendered text template (0.0ms)
Completed 200 OK in 1ms (Views: 0.4ms | ActiveRecord: 0.0ms)


Started GET "/users" for ::1 at 2021-02-03 15:10:03 -0500
Processing by UsersController#index as */*
  Parameters: {"some_category"=>{"a_key"=>"pizza", "a_second_key"=>"coke", "inner_inner_hash"=>{"key"=>"value"}}, "something_else"=>"aaaaaaah"}
  Rendering text template
  Rendered text template (0.0ms)
Completed 200 OK in 1ms (Views: 0.6ms | ActiveRecord: 0.0ms)


Started GET "/users?some_category[a_key]=another+value&some_category[a_second_key]=yet+another+value" for ::1 at 2021-02-03 15:11:16 -0500
Processing by UsersController#index as */*
  Parameters: {"some_category"=>{"a_key"=>"another value", "a_second_key"=>"yet another value"}, "something_else"=>"aaaaaaah"}
  Rendering text template
  Rendered text template (0.0ms)
Completed 200 OK in 1ms (Views: 0.9ms | ActiveRecord: 0.0ms)


Started GET "/users?some_category[a_key]=another+value&some_category[a_second_key]=yet+another+value" for ::1 at 2021-02-03 15:11:35 -0500
Processing by UsersController#index as */*
  Parameters: {"some_category"=>{"a_key"=>"another value", "a_second_key"=>"yet another value"}, "something_else"=>"aaaaaaah"}
  Rendering text template
  Rendered text template (0.0ms)
Completed 200 OK in 1ms (Views: 0.4ms | ActiveRecord: 0.0ms)


Started GET "/users?some_category[a_key]=another+value&some_category[a_second_key]=yet+another+value" for ::1 at 2021-02-03 15:12:41 -0500
Processing by UsersController#index as */*
  Parameters: {"some_category"=>{"a_key"=>"another value", "a_second_key"=>"yet another value"}, "something_else"=>"aaaaaaah"}
  Rendering text template
  Rendered text template (0.0ms)
Completed 200 OK in 1ms (Views: 0.8ms | ActiveRecord: 0.0ms)


Started GET "/users" for ::1 at 2021-02-03 15:12:47 -0500
Processing by UsersController#index as */*
  Parameters: {"some_category"=>{"a_key"=>"another value", "a_second_key"=>"yet another value", "inner_inner_hash"=>{"key"=>"value"}}, "something_else"=>"aaaaaaah"}
  Rendering text template
  Rendered text template (0.0ms)
Completed 200 OK in 1ms (Views: 0.3ms | ActiveRecord: 0.0ms)


Started POST "/users?some_category[a_key]=another+value&some_category[a_second_key]=yet+another+value" for ::1 at 2021-02-03 15:15:25 -0500
Processing by UsersController#create as */*
  Parameters: {"some_category"=>{"a_key"=>"another value", "a_second_key"=>"yet another value"}, "something_else"=>"aaaaaaah"}
Completed 200 OK in 1ms (Views: 0.4ms | ActiveRecord: 0.0ms)


Started POST "/users" for ::1 at 2021-02-03 15:15:36 -0500
Processing by UsersController#create as */*
  Parameters: {"some_category"=>{"a_key"=>"another value", "a_second_key"=>"yet another value", "inner_inner_hash"=>{"key"=>"value"}}, "something_else"=>"aaaaaaah"}
Completed 200 OK in 1ms (Views: 0.6ms | ActiveRecord: 0.0ms)


Started POST "/users" for ::1 at 2021-02-03 15:17:42 -0500
Processing by UsersController#create as */*
  Parameters: {"some_category"=>{"a_key"=>"another value", "a_second_key"=>"yet another value", "inner_inner_hash"=>{"key"=>"value"}}, "something_else"=>"aaaaaaah"}
Completed 200 OK in 1ms (Views: 0.3ms | ActiveRecord: 0.0ms)


Started POST "/users?some_category[a_key]=another+value&some_category[a_second_key]=yet+another+value" for ::1 at 2021-02-03 15:17:58 -0500
Processing by UsersController#create as */*
  Parameters: {"some_category"=>{"a_key"=>"another value", "a_second_key"=>"yet another value"}, "something_else"=>"aaaaaaah"}
Completed 200 OK in 1ms (Views: 0.3ms | ActiveRecord: 0.0ms)


Started POST "/users?some_category[a_key]=another+value&some_category[a_second_key]=yet+another+value" for ::1 at 2021-02-03 15:19:01 -0500
Processing by UsersController#create as */*
  Parameters: {"some_category"=>{"a_key"=>"another value", "a_second_key"=>"yet another value"}}
Completed 200 OK in 2ms (Views: 0.8ms | ActiveRecord: 0.0ms)


Started POST "/users?some_category[a_key]=another+value&some_category[a_second_key]=yet+another+value" for ::1 at 2021-02-03 15:19:16 -0500
Processing by UsersController#create as */*
  Parameters: {"some_category"=>{"a_key"=>"another value", "a_second_key"=>"yet another value"}}
Completed 200 OK in 4ms (Views: 2.3ms | ActiveRecord: 0.0ms)


Started POST "/users" for ::1 at 2021-02-03 15:21:04 -0500
Processing by UsersController#create as */*
  Parameters: {"some_category"=>{"a_key"=>"another value", "a_second_key"=>"yet another value", "inner_inner_hash"=>{"key"=>"value"}}, "something_else"=>"aaaaaaah"}
Completed 200 OK in 1ms (Views: 0.7ms | ActiveRecord: 0.0ms)


Started GET "/users" for ::1 at 2021-02-03 15:40:22 -0500
Processing by UsersController#index as */*
  Parameters: {"some_category"=>{"a_key"=>"another value", "a_second_key"=>"yet another value", "inner_inner_hash"=>{"key"=>"value"}}, "something_else"=>"aaaaaaah"}
  Rendering text template
  Rendered text template (0.1ms)
Completed 200 OK in 6ms (Views: 2.5ms | ActiveRecord: 0.0ms)


Started GET "/users" for ::1 at 2021-02-03 15:41:10 -0500
Processing by UsersController#index as */*
  Parameters: {"some_category"=>{"a_key"=>"another value", "a_second_key"=>"yet another value", "inner_inner_hash"=>{"key"=>"value"}}, "something_else"=>"aaaaaaah"}
  Rendering text template
  Rendered text template (0.0ms)
Completed 200 OK in 2ms (Views: 1.1ms | ActiveRecord: 0.0ms)


Started GET "/users" for ::1 at 2021-02-03 15:41:26 -0500
Processing by UsersController#index as */*
  Parameters: {"some_category"=>{"a_key"=>"another value", "a_second_key"=>"yet another value", "inner_inner_hash"=>{"key"=>"value"}}, "something_else"=>"aaaaaaah"}
  Rendering text template
  Rendered text template (0.0ms)
Completed 200 OK in 1ms (Views: 0.4ms | ActiveRecord: 0.0ms)


Started POST "/users" for ::1 at 2021-02-03 15:41:44 -0500
Processing by UsersController#create as */*
  Parameters: {"some_category"=>{"a_key"=>"another value", "a_second_key"=>"yet another value", "inner_inner_hash"=>{"key"=>"value"}}, "something_else"=>"aaaaaaah"}
Completed 200 OK in 3ms (Views: 1.8ms | ActiveRecord: 0.0ms)


Started GET "/users" for ::1 at 2021-02-03 15:41:57 -0500
Processing by UsersController#index as */*
  Parameters: {"some_category"=>{"a_key"=>"another value", "a_second_key"=>"yet another value", "inner_inner_hash"=>{"key"=>"value"}}, "something_else"=>"aaaaaaah"}
  Rendering text template
  Rendered text template (0.0ms)
Completed 200 OK in 1ms (Views: 0.4ms | ActiveRecord: 0.0ms)


  [1m[35m (39.2ms)[0m  [1m[35mCREATE TABLE "schema_migrations" ("version" character varying NOT NULL PRIMARY KEY)[0m
  ↳ bin/rails:9
  [1m[35m (4.7ms)[0m  [1m[35mCREATE TABLE "ar_internal_metadata" ("key" character varying NOT NULL PRIMARY KEY, "value" character varying, "created_at" timestamp NOT NULL, "updated_at" timestamp NOT NULL)[0m
  ↳ bin/rails:9
  [1m[35m (0.5ms)[0m  [1m[34mSELECT pg_try_advisory_lock(7618215552623189640)[0m
  ↳ bin/rails:9
  [1m[35m (0.6ms)[0m  [1m[34mSELECT "schema_migrations"."version" FROM "schema_migrations" ORDER BY "schema_migrations"."version" ASC[0m
  ↳ bin/rails:9
Migrating to CreateUsers (20210203205115)
  [1m[35m (0.3ms)[0m  [1m[35mBEGIN[0m
  ↳ bin/rails:9
  [1m[35m (7.9ms)[0m  [1m[35mCREATE TABLE "users" ("id" bigserial primary key, "name" character varying NOT NULL, "email" character varying NOT NULL)[0m
  ↳ db/migrate/20210203205115_create_users.rb:3
  [1m[36mActiveRecord::SchemaMigration Create (3.9ms)[0m  [1m[32mINSERT INTO "schema_migrations" ("version") VALUES ($1) RETURNING "version"[0m  [["version", "20210203205115"]]
  ↳ bin/rails:9
  [1m[35m (0.2ms)[0m  [1m[35mCOMMIT[0m
  ↳ bin/rails:9
  [1m[36mActiveRecord::InternalMetadata Load (0.5ms)[0m  [1m[34mSELECT  "ar_internal_metadata".* FROM "ar_internal_metadata" WHERE "ar_internal_metadata"."key" = $1 LIMIT $2[0m  [["key", "environment"], ["LIMIT", 1]]
  ↳ bin/rails:9
  [1m[35m (0.3ms)[0m  [1m[35mBEGIN[0m
  ↳ bin/rails:9
  [1m[36mActiveRecord::InternalMetadata Create (1.1ms)[0m  [1m[32mINSERT INTO "ar_internal_metadata" ("key", "value", "created_at", "updated_at") VALUES ($1, $2, $3, $4) RETURNING "key"[0m  [["key", "environment"], ["value", "development"], ["created_at", "2021-02-03 20:52:06.831569"], ["updated_at", "2021-02-03 20:52:06.831569"]]
  ↳ bin/rails:9
  [1m[35m (0.3ms)[0m  [1m[35mCOMMIT[0m
  ↳ bin/rails:9
  [1m[35m (0.3ms)[0m  [1m[34mSELECT pg_advisory_unlock(7618215552623189640)[0m
  ↳ bin/rails:9
  [1m[35m (0.8ms)[0m  [1m[34mSELECT "schema_migrations"."version" FROM "schema_migrations" ORDER BY "schema_migrations"."version" ASC[0m
  ↳ bin/rails:9
  [1m[35m (0.7ms)[0m  [1m[34mSELECT "schema_migrations"."version" FROM "schema_migrations" ORDER BY "schema_migrations"."version" ASC[0m
  ↳ bin/rails:9
  [1m[35m (0.3ms)[0m  [1m[35mBEGIN[0m
  [1m[35m (1.3ms)[0m  [1m[31mROLLBACK[0m
  [1m[35m (0.2ms)[0m  [1m[35mBEGIN[0m
  [1m[36mUser Create (3.4ms)[0m  [1m[32mINSERT INTO "users" ("name", "email") VALUES ($1, $2) RETURNING "id"[0m  [["name", "John"], ["email", "coolguy123@gmail.com"]]
  [1m[35m (0.6ms)[0m  [1m[35mCOMMIT[0m
  [1m[36mUser Load (2.1ms)[0m  [1m[34mSELECT "users".* FROM "users"[0m
  [1m[35m (0.2ms)[0m  [1m[35mBEGIN[0m
  [1m[36mUser Create (0.6ms)[0m  [1m[32mINSERT INTO "users" ("name", "email") VALUES ($1, $2) RETURNING "id"[0m  [["name", "Ryan"], ["email", "abc123@gmail.com"]]
  [1m[35m (0.5ms)[0m  [1m[35mCOMMIT[0m
  [1m[36mUser Load (0.7ms)[0m  [1m[34mSELECT "users".* FROM "users"[0m
Started GET "/users/1%20" for ::1 at 2021-02-03 16:27:07 -0500
  [1m[35m (1.3ms)[0m  [1m[34mSELECT "schema_migrations"."version" FROM "schema_migrations" ORDER BY "schema_migrations"."version" ASC[0m
  ↳ /Users/johncheung/.rbenv/versions/2.5.1/lib/ruby/gems/2.5.0/gems/activerecord-5.2.4.4/lib/active_record/log_subscriber.rb:98
Processing by UsersController#show as */*
  Parameters: {"some_category"=>{"a_key"=>"another value", "a_second_key"=>"yet another value", "inner_inner_hash"=>{"key"=>"value"}}, "something_else"=>"aaaaaaah", "id"=>"1 "}
Completed 200 OK in 2ms (Views: 1.0ms | ActiveRecord: 0.0ms)


Started GET "/users/1%20" for ::1 at 2021-02-03 16:27:25 -0500
Processing by UsersController#show as */*
  Parameters: {"id"=>"1 "}
Completed 200 OK in 1ms (Views: 0.3ms | ActiveRecord: 0.0ms)


Started GET "/users/1%20" for ::1 at 2021-02-03 16:28:28 -0500
Processing by UsersController#show as */*
  Parameters: {"id"=>"1 "}
Completed 200 OK in 1ms (Views: 0.2ms | ActiveRecord: 0.0ms)


Started GET "/users/1%20" for ::1 at 2021-02-03 16:29:06 -0500
Processing by UsersController#show as */*
  Parameters: {"id"=>"1 "}
Completed 200 OK in 1ms (Views: 0.3ms | ActiveRecord: 0.0ms)


Started GET "/users/" for ::1 at 2021-02-03 16:29:20 -0500
Processing by UsersController#index as */*
  [1m[36mUser Load (1.1ms)[0m  [1m[34mSELECT "users".* FROM "users"[0m
  ↳ app/controllers/users_controller.rb:4
Completed 200 OK in 37ms (Views: 15.8ms | ActiveRecord: 10.1ms)


Started GET "/users/" for ::1 at 2021-02-03 16:29:51 -0500
Processing by UsersController#index as */*
  [1m[36mUser Load (0.5ms)[0m  [1m[34mSELECT "users".* FROM "users"[0m
  ↳ app/controllers/users_controller.rb:3
Completed 200 OK in 17ms (Views: 5.9ms | ActiveRecord: 7.1ms)


